<?xml version="1.0" encoding="UTF-8" ?>
<testsuite failures="0" time="0.024" errors="0" skipped="0" tests="1" name="com.catani.zar.AppTest">
  <properties>
    <property name="java.runtime.name" value="OpenJDK Runtime Environment"/>
    <property name="sun.boot.library.path" value="/usr/lib/jvm/java-6-openjdk-amd64/jre/lib/amd64"/>
    <property name="java.vm.version" value="20.0-b12"/>
    <property name="java.vm.vendor" value="Sun Microsystems Inc."/>
    <property name="java.vendor.url" value="http://java.sun.com/"/>
    <property name="path.separator" value=":"/>
    <property name="java.vm.name" value="OpenJDK 64-Bit Server VM"/>
    <property name="file.encoding.pkg" value="sun.io"/>
    <property name="user.country" value="EC"/>
    <property name="sun.java.launcher" value="SUN_STANDARD"/>
    <property name="sun.os.patch.level" value="unknown"/>
    <property name="java.vm.specification.name" value="Java Virtual Machine Specification"/>
    <property name="user.dir" value="/home/developer/ZarPage"/>
    <property name="java.runtime.version" value="1.6.0_24-b24"/>
    <property name="java.awt.graphicsenv" value="sun.awt.X11GraphicsEnvironment"/>
    <property name="basedir" value="/home/developer/ZarPage"/>
    <property name="java.endorsed.dirs" value="/usr/lib/jvm/java-6-openjdk-amd64/jre/lib/endorsed"/>
    <property name="os.arch" value="amd64"/>
    <property name="surefire.real.class.path" value="/home/developer/ZarPage/target/surefire/surefirebooter242757061279492742.jar"/>
    <property name="java.io.tmpdir" value="/tmp"/>
    <property name="line.separator" value="
"/>
    <property name="java.vm.specification.vendor" value="Sun Microsystems Inc."/>
    <property name="os.name" value="Linux"/>
    <property name="sun.jnu.encoding" value="UTF-8"/>
    <property name="java.library.path" value="/usr/lib/jvm/java-6-openjdk-amd64/jre/lib/amd64/server:/usr/lib/jvm/java-6-openjdk-amd64/jre/lib/amd64:/usr/lib/jvm/java-6-openjdk-amd64/jre/../lib/amd64:/usr/java/packages/lib/amd64:/usr/lib/x86_64-linux-gnu/jni:/lib/x86_64-linux-gnu:/usr/lib/x86_64-linux-gnu:/usr/lib/jni:/lib:/usr/lib"/>
    <property name="surefire.test.class.path" value="/home/developer/ZarPage/target/test-classes:/home/developer/ZarPage/target/classes:/home/developer/.m2/repository/junit/junit/3.8.1/junit-3.8.1.jar:/home/developer/.m2/repository/org/apache/shiro/shiro-core/1.1.0/shiro-core-1.1.0.jar:/home/developer/.m2/repository/org/slf4j/slf4j-api/1.6.1/slf4j-api-1.6.1.jar:/home/developer/.m2/repository/commons-beanutils/commons-beanutils/1.8.3/commons-beanutils-1.8.3.jar:/home/developer/.m2/repository/org/apache/shiro/shiro-web/1.1.0/shiro-web-1.1.0.jar:/home/developer/.m2/repository/mysql/mysql-connector-java/5.1.9/mysql-connector-java-5.1.9.jar:/home/developer/.m2/repository/org/hibernate/hibernate-entitymanager/3.5.5-Final/hibernate-entitymanager-3.5.5-Final.jar:/home/developer/.m2/repository/org/hibernate/hibernate-core/3.5.5-Final/hibernate-core-3.5.5-Final.jar:/home/developer/.m2/repository/antlr/antlr/2.7.6/antlr-2.7.6.jar:/home/developer/.m2/repository/org/hibernate/hibernate-annotations/3.5.5-Final/hibernate-annotations-3.5.5-Final.jar:/home/developer/.m2/repository/org/hibernate/hibernate-commons-annotations/3.2.0.Final/hibernate-commons-annotations-3.2.0.Final.jar:/home/developer/.m2/repository/javassist/javassist/3.9.0.GA/javassist-3.9.0.GA.jar:/home/developer/.m2/repository/org/hibernate/javax/persistence/hibernate-jpa-2.0-api/1.0.0.Final/hibernate-jpa-2.0-api-1.0.0.Final.jar:/home/developer/.m2/repository/com/jolbox/bonecp/0.7.1.RELEASE/bonecp-0.7.1.RELEASE.jar:/home/developer/.m2/repository/com/google/guava/guava/r08/guava-r08.jar:/home/developer/.m2/repository/javax/servlet/servlet-api/2.4/servlet-api-2.4.jar:/home/developer/.m2/repository/javax/servlet/jstl/1.2/jstl-1.2.jar:/home/developer/.m2/repository/taglibs/standard/1.1.2/standard-1.1.2.jar:/home/developer/.m2/repository/dom4j/dom4j/1.6.1/dom4j-1.6.1.jar:/home/developer/.m2/repository/xml-apis/xml-apis/1.0.b2/xml-apis-1.0.b2.jar:/home/developer/.m2/repository/commons-logging/commons-logging/1.1.1/commons-logging-1.1.1.jar:/home/developer/.m2/repository/commons-collections/commons-collections/3.2.1/commons-collections-3.2.1.jar:/home/developer/.m2/repository/cglib/cglib/2.2/cglib-2.2.jar:/home/developer/.m2/repository/asm/asm/3.1/asm-3.1.jar:/home/developer/.m2/repository/javax/transaction/jta/1.1/jta-1.1.jar:"/>
    <property name="java.specification.name" value="Java Platform API Specification"/>
    <property name="java.class.version" value="50.0"/>
    <property name="sun.management.compiler" value="HotSpot 64-Bit Tiered Compilers"/>
    <property name="os.version" value="3.2.0-30-generic"/>
    <property name="user.home" value="/home/developer"/>
    <property name="user.timezone" value=""/>
    <property name="java.awt.printerjob" value="sun.print.PSPrinterJob"/>
    <property name="file.encoding" value="UTF-8"/>
    <property name="java.specification.version" value="1.6"/>
    <property name="user.name" value="developer"/>
    <property name="java.class.path" value="/home/developer/ZarPage/target/test-classes:/home/developer/ZarPage/target/classes:/home/developer/.m2/repository/junit/junit/3.8.1/junit-3.8.1.jar:/home/developer/.m2/repository/org/apache/shiro/shiro-core/1.1.0/shiro-core-1.1.0.jar:/home/developer/.m2/repository/org/slf4j/slf4j-api/1.6.1/slf4j-api-1.6.1.jar:/home/developer/.m2/repository/commons-beanutils/commons-beanutils/1.8.3/commons-beanutils-1.8.3.jar:/home/developer/.m2/repository/org/apache/shiro/shiro-web/1.1.0/shiro-web-1.1.0.jar:/home/developer/.m2/repository/mysql/mysql-connector-java/5.1.9/mysql-connector-java-5.1.9.jar:/home/developer/.m2/repository/org/hibernate/hibernate-entitymanager/3.5.5-Final/hibernate-entitymanager-3.5.5-Final.jar:/home/developer/.m2/repository/org/hibernate/hibernate-core/3.5.5-Final/hibernate-core-3.5.5-Final.jar:/home/developer/.m2/repository/antlr/antlr/2.7.6/antlr-2.7.6.jar:/home/developer/.m2/repository/org/hibernate/hibernate-annotations/3.5.5-Final/hibernate-annotations-3.5.5-Final.jar:/home/developer/.m2/repository/org/hibernate/hibernate-commons-annotations/3.2.0.Final/hibernate-commons-annotations-3.2.0.Final.jar:/home/developer/.m2/repository/javassist/javassist/3.9.0.GA/javassist-3.9.0.GA.jar:/home/developer/.m2/repository/org/hibernate/javax/persistence/hibernate-jpa-2.0-api/1.0.0.Final/hibernate-jpa-2.0-api-1.0.0.Final.jar:/home/developer/.m2/repository/com/jolbox/bonecp/0.7.1.RELEASE/bonecp-0.7.1.RELEASE.jar:/home/developer/.m2/repository/com/google/guava/guava/r08/guava-r08.jar:/home/developer/.m2/repository/javax/servlet/servlet-api/2.4/servlet-api-2.4.jar:/home/developer/.m2/repository/javax/servlet/jstl/1.2/jstl-1.2.jar:/home/developer/.m2/repository/taglibs/standard/1.1.2/standard-1.1.2.jar:/home/developer/.m2/repository/dom4j/dom4j/1.6.1/dom4j-1.6.1.jar:/home/developer/.m2/repository/xml-apis/xml-apis/1.0.b2/xml-apis-1.0.b2.jar:/home/developer/.m2/repository/commons-logging/commons-logging/1.1.1/commons-logging-1.1.1.jar:/home/developer/.m2/repository/commons-collections/commons-collections/3.2.1/commons-collections-3.2.1.jar:/home/developer/.m2/repository/cglib/cglib/2.2/cglib-2.2.jar:/home/developer/.m2/repository/asm/asm/3.1/asm-3.1.jar:/home/developer/.m2/repository/javax/transaction/jta/1.1/jta-1.1.jar:"/>
    <property name="java.vm.specification.version" value="1.0"/>
    <property name="sun.arch.data.model" value="64"/>
    <property name="java.home" value="/usr/lib/jvm/java-6-openjdk-amd64/jre"/>
    <property name="sun.java.command" value="/home/developer/ZarPage/target/surefire/surefirebooter242757061279492742.jar /home/developer/ZarPage/target/surefire/surefire8029366780132539336tmp /home/developer/ZarPage/target/surefire/surefire2968165596610901905tmp"/>
    <property name="java.specification.vendor" value="Sun Microsystems Inc."/>
    <property name="user.language" value="es"/>
    <property name="java.vm.info" value="mixed mode"/>
    <property name="java.version" value="1.6.0_24"/>
    <property name="java.ext.dirs" value="/usr/lib/jvm/java-6-openjdk-amd64/jre/lib/ext:/usr/java/packages/lib/ext"/>
    <property name="sun.boot.class.path" value="/usr/lib/jvm/java-6-openjdk-amd64/jre/lib/resources.jar:/usr/lib/jvm/java-6-openjdk-amd64/jre/lib/rt.jar:/usr/lib/jvm/java-6-openjdk-amd64/jre/lib/sunrsasign.jar:/usr/lib/jvm/java-6-openjdk-amd64/jre/lib/jsse.jar:/usr/lib/jvm/java-6-openjdk-amd64/jre/lib/jce.jar:/usr/lib/jvm/java-6-openjdk-amd64/jre/lib/charsets.jar:/usr/lib/jvm/java-6-openjdk-amd64/jre/lib/netx.jar:/usr/lib/jvm/java-6-openjdk-amd64/jre/lib/plugin.jar:/usr/lib/jvm/java-6-openjdk-amd64/jre/lib/rhino.jar:/usr/lib/jvm/java-6-openjdk-amd64/jre/lib/modules/jdk.boot.jar:/usr/lib/jvm/java-6-openjdk-amd64/jre/classes"/>
    <property name="java.vendor" value="Sun Microsystems Inc."/>
    <property name="localRepository" value="/home/developer/.m2/repository"/>
    <property name="file.separator" value="/"/>
    <property name="java.vendor.url.bug" value="http://java.sun.com/cgi-bin/bugreport.cgi"/>
    <property name="sun.cpu.endian" value="little"/>
    <property name="sun.io.unicode.encoding" value="UnicodeLittle"/>
    <property name="sun.desktop" value="gnome"/>
    <property name="sun.cpu.isalist" value=""/>
  </properties>
  <testcase time="0.001" classname="com.catani.zar.AppTest" name="testApp"/>
</testsuite>